<?xml version="1.0" encoding="UTF-8"?>
<!-- Generated by org.testng.reporters.JUnitReportReporter -->
<testsuite hostname="MyYoga" failures="0" tests="2" name="org.data.PerformanceTesting" time="0.005" errors="0" timestamp="2024-06-13T18:22:48 IST" skipped="0">
  <testcase classname="org.data.PerformanceTesting" name="tc2" time="0.003"/>
  <system-out/>
  <testcase classname="org.data.PerformanceTesting" name="tc1" time="0.002"/>
  <system-out/>
</testsuite> <!-- org.data.PerformanceTesting -->
