<?xml version="1.0" encoding="UTF-8"?>
<!-- Generated by org.testng.reporters.JUnitReportReporter -->
<testsuite hostname="MyYoga" failures="0" tests="4" name="org.testing.testScripts.Adactin_TC1" time="5.302" errors="0" timestamp="2024-06-07T16:03:44 IST" skipped="0">
  <testcase classname="org.testing.testScripts.Adactin_TC1" name="TC_001" time="1.943"/>
  <system-out/>
  <testcase classname="org.testing.testScripts.Adactin_TC1" name="TC_002" time="1.710"/>
  <system-out/>
  <testcase classname="org.testing.testScripts.Adactin_TC1" name="TC_003" time="0.858"/>
  <system-out/>
  <testcase classname="org.testing.testScripts.Adactin_TC1" name="TC_004" time="0.791"/>
  <system-out/>
</testsuite> <!-- org.testing.testScripts.Adactin_TC1 -->
