<?xml version="1.0" encoding="UTF-8"?>
<!-- Generated by org.testng.reporters.JUnitReportReporter -->
<testsuite hostname="MyYoga" failures="0" tests="2" name="org.parallel.DataBase" time="5.645" errors="0" timestamp="2024-06-18T11:19:43 IST" skipped="0">
  <testcase classname="org.parallel.DataBase" name="tc1" time="3.642"/>
  <system-out/>
  <testcase classname="org.parallel.DataBase" name="tc2" time="2.003"/>
  <system-out/>
</testsuite> <!-- org.parallel.DataBase -->
