<?xml version="1.0" encoding="UTF-8"?>
<!-- Generated by org.testng.reporters.JUnitReportReporter -->
<testsuite hostname="MyYoga" failures="0" tests="1" name="org.data.FlipkartLaunch" time="6.987" errors="0" timestamp="2024-06-18T12:12:21 IST" skipped="0">
  <testcase classname="org.data.FlipkartLaunch" name="flipkart" time="6.987"/>
  <system-out/>
</testsuite> <!-- org.data.FlipkartLaunch -->
