<?xml version="1.0" encoding="UTF-8"?>
<!-- Generated by org.testng.reporters.JUnitReportReporter -->
<testsuite hostname="MyYoga" failures="0" tests="1" name="org.testing.testScripts.BrowserStack" time="19.584" errors="0" timestamp="2024-06-09T18:16:25 IST" skipped="0">
  <testcase classname="org.testing.testScripts.BrowserStack" name="TC_001" time="19.584"/>
  <system-out/>
</testsuite> <!-- org.testing.testScripts.BrowserStack -->
