<?xml version="1.0" encoding="UTF-8"?>
<!-- Generated by org.testng.reporters.JUnitReportReporter -->
<testsuite hostname="MyYoga" failures="0" tests="5" name="org.testing.testScripts.AdactinHotel" time="14.665" errors="0" timestamp="2024-06-08T00:39:55 IST" skipped="0">
  <testcase classname="org.testing.testScripts.AdactinHotel" name="TC_003" time="0.941"/>
  <system-out/>
  <testcase classname="org.testing.testScripts.AdactinHotel" name="TC_004" time="2.437"/>
  <system-out/>
  <testcase classname="org.testing.testScripts.AdactinHotel" name="TC_001" time="2.749"/>
  <system-out/>
  <testcase classname="org.testing.testScripts.AdactinHotel" name="TC_002" time="3.087"/>
  <system-out/>
  <testcase classname="org.testing.testScripts.AdactinHotel" name="TC_005" time="5.451"/>
  <system-out/>
</testsuite> <!-- org.testing.testScripts.AdactinHotel -->
