<?xml version="1.0" encoding="UTF-8"?>
<!-- Generated by org.testng.reporters.JUnitReportReporter -->
<testsuite hostname="MyYoga" failures="0" tests="1" name="org.testing.testScripts.AmazonOrder" time="25.261" errors="0" timestamp="2024-06-13T14:16:20 IST" skipped="0">
  <testcase classname="org.testing.testScripts.AmazonOrder" name="TC_001" time="25.261"/>
  <system-out/>
</testsuite> <!-- org.testing.testScripts.AmazonOrder -->
