<?xml version="1.0" encoding="UTF-8"?>
<!-- Generated by org.testng.reporters.JUnitReportReporter -->
<testsuite hostname="MyYoga" failures="0" tests="1" name="org.test.TestNgClass" time="22.100" errors="0" timestamp="2024-06-06T19:57:33 IST" skipped="0">
  <testcase classname="org.test.TestNgClass" name="tc2" time="22.100"/>
  <system-out/>
</testsuite> <!-- org.test.TestNgClass -->
