<?xml version="1.0" encoding="UTF-8"?>
<!-- Generated by org.testng.reporters.JUnitReportReporter -->
<testsuite hostname="MyYoga" failures="0" tests="2" name="org.test.TestNgClass2" time="8.449" errors="0" timestamp="2024-06-07T10:39:50 IST" skipped="0">
  <testcase classname="org.test.TestNgClass2" name="tc1" time="6.859"/>
  <system-out/>
  <testcase classname="org.test.TestNgClass2" name="tc" time="1.590"/>
  <system-out/>
</testsuite> <!-- org.test.TestNgClass2 -->
