<?xml version="1.0" encoding="UTF-8"?>
<!-- Generated by org.testng.reporters.JUnitReportReporter -->
<testsuite hostname="MyYoga" failures="0" tests="1" name="org.data.FacebookLogin" time="6.739" errors="0" timestamp="2024-06-12T19:46:24 IST" skipped="0">
  <testcase classname="org.data.FacebookLogin" name="tc4" time="6.739"/>
  <system-out>
    <![CDATA[Amazon Login]]>
  </system-out>
</testsuite> <!-- org.data.FacebookLogin -->
