<?xml version="1.0" encoding="UTF-8"?>
<!-- Generated by org.testng.reporters.JUnitReportReporter -->
<testsuite hostname="MyYoga" failures="0" tests="2" name="org.data.ApiTesting" time="0.016" errors="0" timestamp="2024-06-13T18:22:48 IST" skipped="0">
  <testcase classname="org.data.ApiTesting" name="tc2" time="0.008"/>
  <system-out/>
  <testcase classname="org.data.ApiTesting" name="tc1" time="0.008"/>
  <system-out/>
</testsuite> <!-- org.data.ApiTesting -->
