<?xml version="1.0" encoding="UTF-8"?>
<!-- Generated by org.testng.reporters.JUnitReportReporter -->
<testsuite hostname="MyYoga" failures="0" tests="4" name="org.test.GroupsClass" time="0.011" errors="0" timestamp="2024-06-07T10:39:50 IST" skipped="0">
  <testcase classname="org.test.GroupsClass" name="tc" time="0.006"/>
  <system-out/>
  <testcase classname="org.test.GroupsClass" name="tc3" time="0.002"/>
  <system-out/>
  <testcase classname="org.test.GroupsClass" name="tc2" time="0.001"/>
  <system-out/>
  <testcase classname="org.test.GroupsClass" name="tc1" time="0.002"/>
  <system-out/>
</testsuite> <!-- org.test.GroupsClass -->
