<?xml version="1.0" encoding="UTF-8"?>
<!-- Generated by org.testng.reporters.JUnitReportReporter -->
<testsuite hostname="MyYoga" failures="0" tests="1" name="org.data.FlipkartOrder1" time="13.788" errors="0" timestamp="2024-06-14T12:59:26 IST" skipped="0">
  <testcase classname="org.data.FlipkartOrder1" name="TC_001" time="13.788"/>
  <system-out/>
</testsuite> <!-- org.data.FlipkartOrder1 -->
