<?xml version="1.0" encoding="UTF-8"?>
<!-- Generated by org.testng.reporters.JUnitReportReporter -->
<testsuite hostname="MyYoga" failures="0" tests="1" name="org.data.AmazonOrder1" time="11.117" errors="0" timestamp="2024-06-14T13:04:54 IST" skipped="0">
  <testcase classname="org.data.AmazonOrder1" name="TC_001" time="11.117"/>
  <system-out/>
</testsuite> <!-- org.data.AmazonOrder1 -->
