<?xml version="1.0" encoding="UTF-8"?>
<!-- Generated by org.testng.reporters.JUnitReportReporter -->
<testsuite hostname="MyYoga" failures="0" tests="1" name="org.test.TestNgClass1" time="3.879" errors="0" timestamp="2024-06-07T10:39:50 IST" skipped="0">
  <testcase classname="org.test.TestNgClass1" name="tc1" time="3.879"/>
  <system-out/>
</testsuite> <!-- org.test.TestNgClass1 -->
